Traceback (most recent call last):
  File "/eos/home-b/bbapi/HiggsDNA/micromamba_dir/envs/higgs-dna-new/bin/run_analysis.py", line 3, in <module>
    from higgs_dna.scripts.run_analysis import main
  File "/eos/home-b/bbapi/HiggsDNA/higgs_dna/scripts/run_analysis.py", line 18, in <module>
    from higgs_dna.workflows import workflows
  File "/eos/home-b/bbapi/HiggsDNA/higgs_dna/workflows/__init__.py", line 1, in <module>
    from higgs_dna.workflows.base import HggBaseProcessor
  File "/eos/home-b/bbapi/HiggsDNA/higgs_dna/workflows/base.py", line 27, in <module>
    from higgs_dna.systematics import object_systematics as available_object_systematics
  File "/eos/home-b/bbapi/HiggsDNA/higgs_dna/systematics/__init__.py", line 3, in <module>
    from .factories import add_jme_corr_syst
  File "/eos/home-b/bbapi/HiggsDNA/higgs_dna/systematics/factories.py", line 3, in <module>
    from .jet_systematics_json import jerc_jet
  File "/eos/home-b/bbapi/HiggsDNA/higgs_dna/systematics/jet_systematics_json.py", line 5, in <module>
    from correctionlib.schemav2 import Correction, CorrectionSet
  File "/eos/home-b/bbapi/HiggsDNA/micromamba_dir/envs/higgs-dna-new/lib/python3.11/site-packages/correctionlib/schemav2.py", line 5, in <module>
    from pydantic import (
  File "/eos/home-b/bbapi/HiggsDNA/micromamba_dir/envs/higgs-dna-new/lib/python3.11/site-packages/pydantic/__init__.py", line 5, in <module>
    from ._migration import getattr_migration
  File "/eos/home-b/bbapi/HiggsDNA/micromamba_dir/envs/higgs-dna-new/lib/python3.11/site-packages/pydantic/_migration.py", line 4, in <module>
    from .version import version_short
  File "/eos/home-b/bbapi/HiggsDNA/micromamba_dir/envs/higgs-dna-new/lib/python3.11/site-packages/pydantic/version.py", line 5, in <module>
    from pydantic_core import __version__ as __pydantic_core_version__
  File "/eos/home-b/bbapi/HiggsDNA/micromamba_dir/envs/higgs-dna-new/lib/python3.11/site-packages/pydantic_core/__init__.py", line 6, in <module>
    from ._pydantic_core import (
ImportError: /eos/home-b/bbapi/HiggsDNA/micromamba_dir/envs/higgs-dna-new/lib/python3.11/site-packages/pydantic_core/_pydantic_core.cpython-311-x86_64-linux-gnu.so: cannot read file data: Input/output error
