Traceback (most recent call last):
  File "/eos/home-b/bbapi/HiggsDNA/micromamba_dir/envs/higgs-dna-new/bin/run_analysis.py", line 3, in <module>
    from higgs_dna.scripts.run_analysis import main
  File "/eos/home-b/bbapi/HiggsDNA/higgs_dna/scripts/run_analysis.py", line 18, in <module>
    from higgs_dna.workflows import workflows
  File "/eos/home-b/bbapi/HiggsDNA/higgs_dna/workflows/__init__.py", line 1, in <module>
    from higgs_dna.workflows.base import HggBaseProcessor
  File "/eos/home-b/bbapi/HiggsDNA/higgs_dna/workflows/base.py", line 22, in <module>
    from higgs_dna.tools.flow_corrections import apply_flow_corrections_to_photons
  File "/eos/home-b/bbapi/HiggsDNA/higgs_dna/tools/flow_corrections.py", line 2, in <module>
    import torch
  File "/eos/home-b/bbapi/HiggsDNA/micromamba_dir/envs/higgs-dna-new/lib/python3.11/site-packages/torch/__init__.py", line 2240, in <module>
    from torch import quantization as quantization  # usort: skip
    ^^^^^^^^^^^^^^^^^^^^^^^^^^^^^^^^^^^^^^^^^^^^^^
  File "/eos/home-b/bbapi/HiggsDNA/micromamba_dir/envs/higgs-dna-new/lib/python3.11/site-packages/torch/quantization/__init__.py", line 2, in <module>
    from .fake_quantize import *  # noqa: F403
    ^^^^^^^^^^^^^^^^^^^^^^^^^^^^
  File "/eos/home-b/bbapi/HiggsDNA/micromamba_dir/envs/higgs-dna-new/lib/python3.11/site-packages/torch/quantization/fake_quantize.py", line 10, in <module>
    from torch.ao.quantization.fake_quantize import (
  File "/eos/home-b/bbapi/HiggsDNA/micromamba_dir/envs/higgs-dna-new/lib/python3.11/site-packages/torch/ao/quantization/__init__.py", line 28, in <module>
    from .quantization_mappings import *  # noqa: F403 # type: ignore[no-redef]
    ^^^^^^^^^^^^^^^^^^^^^^^^^^^^^^^^^^^^
  File "/eos/home-b/bbapi/HiggsDNA/micromamba_dir/envs/higgs-dna-new/lib/python3.11/site-packages/torch/ao/quantization/quantization_mappings.py", line 14, in <module>
    import torch.ao.nn.quantized.reference as nnqr
  File "/eos/home-b/bbapi/HiggsDNA/micromamba_dir/envs/higgs-dna-new/lib/python3.11/site-packages/torch/ao/nn/quantized/reference/__init__.py", line 1, in <module>
    from .modules import *  # noqa: F403
    ^^^^^^^^^^^^^^^^^^^^^^
ModuleNotFoundError: No module named 'torch.ao.nn.quantized.reference.modules'
