Traceback (most recent call last):
  File "/eos/home-b/bbapi/HiggsDNA/micromamba_dir/envs/higgs-dna-new/bin/run_analysis.py", line 3, in <module>
    from higgs_dna.scripts.run_analysis import main
  File "/eos/home-b/bbapi/HiggsDNA/higgs_dna/scripts/run_analysis.py", line 18, in <module>
    from higgs_dna.workflows import workflows
  File "/eos/home-b/bbapi/HiggsDNA/higgs_dna/workflows/__init__.py", line 1, in <module>
    from higgs_dna.workflows.base import HggBaseProcessor
  File "/eos/home-b/bbapi/HiggsDNA/higgs_dna/workflows/base.py", line 1, in <module>
    from higgs_dna.workflows.skeleton import HggSkeletonProcessor
  File "/eos/home-b/bbapi/HiggsDNA/higgs_dna/workflows/skeleton.py", line 6, in <module>
    from higgs_dna.tools.xgb_loader import load_bdt
  File "/eos/home-b/bbapi/HiggsDNA/higgs_dna/tools/xgb_loader.py", line 5, in <module>
    import xgboost
  File "/eos/home-b/bbapi/HiggsDNA/micromamba_dir/envs/higgs-dna-new/lib/python3.11/site-packages/xgboost/__init__.py", line 6, in <module>
    from . import tracker  # noqa
    ^^^^^^^^^^^^^^^^^^^^^
  File "/eos/home-b/bbapi/HiggsDNA/micromamba_dir/envs/higgs-dna-new/lib/python3.11/site-packages/xgboost/tracker.py", line 9, in <module>
    from .core import _LIB, _check_call, _deprecate_positional_args, make_jcargs
  File "/eos/home-b/bbapi/HiggsDNA/micromamba_dir/envs/higgs-dna-new/lib/python3.11/site-packages/xgboost/core.py", line 39, in <module>
    from ._data_utils import (
  File "/eos/home-b/bbapi/HiggsDNA/micromamba_dir/envs/higgs-dna-new/lib/python3.11/site-packages/xgboost/_data_utils.py", line 11, in <module>
    from .compat import import_cupy
  File "/eos/home-b/bbapi/HiggsDNA/micromamba_dir/envs/higgs-dna-new/lib/python3.11/site-packages/xgboost/compat.py", line 47, in <module>
    from sklearn import __version__ as _sklearn_version
  File "/eos/home-b/bbapi/HiggsDNA/micromamba_dir/envs/higgs-dna-new/lib/python3.11/site-packages/sklearn/__init__.py", line 73, in <module>
    from .base import clone  # noqa: E402
    ^^^^^^^^^^^^^^^^^^^^^^^
  File "/eos/home-b/bbapi/HiggsDNA/micromamba_dir/envs/higgs-dna-new/lib/python3.11/site-packages/sklearn/base.py", line 19, in <module>
    from .utils._metadata_requests import _MetadataRequester, _routing_enabled
  File "/eos/home-b/bbapi/HiggsDNA/micromamba_dir/envs/higgs-dna-new/lib/python3.11/site-packages/sklearn/utils/__init__.py", line 9, in <module>
    from ._chunking import gen_batches, gen_even_slices
  File "/eos/home-b/bbapi/HiggsDNA/micromamba_dir/envs/higgs-dna-new/lib/python3.11/site-packages/sklearn/utils/_chunking.py", line 11, in <module>
    from ._param_validation import Interval, validate_params
  File "/eos/home-b/bbapi/HiggsDNA/micromamba_dir/envs/higgs-dna-new/lib/python3.11/site-packages/sklearn/utils/_param_validation.py", line 17, in <module>
    from .validation import _is_arraylike_not_scalar
  File "/eos/home-b/bbapi/HiggsDNA/micromamba_dir/envs/higgs-dna-new/lib/python3.11/site-packages/sklearn/utils/validation.py", line 21, in <module>
    from ..utils._array_api import _asarray_with_order, _is_numpy_namespace, get_namespace
  File "/eos/home-b/bbapi/HiggsDNA/micromamba_dir/envs/higgs-dna-new/lib/python3.11/site-packages/sklearn/utils/_array_api.py", line 20, in <module>
    from .fixes import parse_version
  File "/eos/home-b/bbapi/HiggsDNA/micromamba_dir/envs/higgs-dna-new/lib/python3.11/site-packages/sklearn/utils/fixes.py", line 16, in <module>
    import scipy.stats
  File "/eos/home-b/bbapi/HiggsDNA/micromamba_dir/envs/higgs-dna-new/lib/python3.11/site-packages/scipy/stats/__init__.py", line 624, in <module>
    from ._stats_py import *
  File "/eos/home-b/bbapi/HiggsDNA/micromamba_dir/envs/higgs-dna-new/lib/python3.11/site-packages/scipy/stats/_stats_py.py", line 41, in <module>
    from scipy.optimize import milp, LinearConstraint
  File "/eos/home-b/bbapi/HiggsDNA/micromamba_dir/envs/higgs-dna-new/lib/python3.11/site-packages/scipy/optimize/__init__.py", line 435, in <module>
    from ._linprog import linprog, linprog_verbose_callback
  File "<frozen importlib._bootstrap>", line 1176, in _find_and_load
  File "<frozen importlib._bootstrap>", line 1147, in _find_and_load_unlocked
  File "<frozen importlib._bootstrap>", line 690, in _load_unlocked
  File "<frozen importlib._bootstrap_external>", line 936, in exec_module
  File "<frozen importlib._bootstrap_external>", line 1073, in get_code
  File "<frozen importlib._bootstrap_external>", line 1131, in get_data
OSError: [Errno 5] Input/output error
