Traceback (most recent call last):
  File "/eos/home-b/bbapi/HiggsDNA/micromamba_dir/envs/higgs-dna-new/bin/run_analysis.py", line 3, in <module>
    from higgs_dna.scripts.run_analysis import main
  File "/eos/home-b/bbapi/HiggsDNA/higgs_dna/scripts/run_analysis.py", line 18, in <module>
    from higgs_dna.workflows import workflows
  File "/eos/home-b/bbapi/HiggsDNA/higgs_dna/workflows/__init__.py", line 1, in <module>
    from higgs_dna.workflows.base import HggBaseProcessor
  File "/eos/home-b/bbapi/HiggsDNA/higgs_dna/workflows/base.py", line 1, in <module>
    from higgs_dna.workflows.skeleton import HggSkeletonProcessor
  File "/eos/home-b/bbapi/HiggsDNA/higgs_dna/workflows/skeleton.py", line 6, in <module>
    from higgs_dna.tools.xgb_loader import load_bdt
  File "/eos/home-b/bbapi/HiggsDNA/higgs_dna/tools/xgb_loader.py", line 5, in <module>
    import xgboost
  File "/eos/home-b/bbapi/HiggsDNA/micromamba_dir/envs/higgs-dna-new/lib/python3.11/site-packages/xgboost/__init__.py", line 6, in <module>
    from . import tracker  # noqa
    ^^^^^^^^^^^^^^^^^^^^^
  File "/eos/home-b/bbapi/HiggsDNA/micromamba_dir/envs/higgs-dna-new/lib/python3.11/site-packages/xgboost/tracker.py", line 9, in <module>
    from .core import _LIB, _check_call, _deprecate_positional_args, make_jcargs
  File "/eos/home-b/bbapi/HiggsDNA/micromamba_dir/envs/higgs-dna-new/lib/python3.11/site-packages/xgboost/core.py", line 39, in <module>
    from ._data_utils import (
  File "/eos/home-b/bbapi/HiggsDNA/micromamba_dir/envs/higgs-dna-new/lib/python3.11/site-packages/xgboost/_data_utils.py", line 11, in <module>
    from .compat import import_cupy
  File "/eos/home-b/bbapi/HiggsDNA/micromamba_dir/envs/higgs-dna-new/lib/python3.11/site-packages/xgboost/compat.py", line 47, in <module>
    from sklearn import __version__ as _sklearn_version
  File "/eos/home-b/bbapi/HiggsDNA/micromamba_dir/envs/higgs-dna-new/lib/python3.11/site-packages/sklearn/__init__.py", line 73, in <module>
    from .base import clone  # noqa: E402
    ^^^^^^^^^^^^^^^^^^^^^^^
  File "/eos/home-b/bbapi/HiggsDNA/micromamba_dir/envs/higgs-dna-new/lib/python3.11/site-packages/sklearn/base.py", line 19, in <module>
    from .utils._metadata_requests import _MetadataRequester, _routing_enabled
  File "/eos/home-b/bbapi/HiggsDNA/micromamba_dir/envs/higgs-dna-new/lib/python3.11/site-packages/sklearn/utils/__init__.py", line 23, in <module>
    from ._repr_html.estimator import estimator_html_repr
  File "/eos/home-b/bbapi/HiggsDNA/micromamba_dir/envs/higgs-dna-new/lib/python3.11/site-packages/sklearn/utils/_repr_html/estimator.py", line 38, in <module>
    _CSS_STYLE = _get_css_style()
                 ^^^^^^^^^^^^^^^^
  File "/eos/home-b/bbapi/HiggsDNA/micromamba_dir/envs/higgs-dna-new/lib/python3.11/site-packages/sklearn/utils/_repr_html/estimator.py", line 31, in _get_css_style
    params_css = params_css_file.read_text(encoding="utf-8")
                 ^^^^^^^^^^^^^^^^^^^^^^^^^^^^^^^^^^^^^^^^^^^
  File "/eos/home-b/bbapi/HiggsDNA/micromamba_dir/envs/higgs-dna-new/lib/python3.11/pathlib.py", line 1059, in read_text
    return f.read()
           ^^^^^^^^
OSError: [Errno 5] Input/output error
