INFO     Start production                                    run_analysis.py:122
INFO     Corrections: {'TTG1Jets_24SummerRun3':              run_analysis.py:144
         ['Smearing2G_IJazZ', 'energyErrShift', 'FNUF',                         
         'Material', 'jec_jet_syst', 'Pileup',                                  
         'SF_photon_ID', 'ElectronVetoSF', 'PreselSF',                          
         'TriggerSF'], 'TTto2L2Nu_24SummerRun3':                                
         ['Smearing2G_IJazZ', 'energyErrShift', 'FNUF',                         
         'Material', 'jec_jet_syst', 'Pileup',                                  
         'SF_photon_ID', 'ElectronVetoSF', 'PreselSF',                          
         'TriggerSF'], 'TTtoLNu2Q_24SummerRun3':                                
         ['Smearing2G_IJazZ', 'energyErrShift', 'FNUF',                         
         'Material', 'jec_jet_syst', 'Pileup',                                  
         'SF_photon_ID', 'ElectronVetoSF', 'PreselSF',                          
         'TriggerSF']}                                                          
INFO     Systematics: {'TTG1Jets_24SummerRun3':              run_analysis.py:145
         ['ScaleEB2G_IJazZ', 'ScaleEE2G_IJazZ',                                 
         'Smearing2G_IJazZ', 'energyErrShift', 'FNUF',                          
         'Material', 'Pileup', 'SF_photon_ID',                                  
         'ElectronVetoSF', 'PreselSF', 'TriggerSF',                             
         'AlphaS', 'PartonShower', 'LHEScale', 'LHEPdf'],                       
         'TTto2L2Nu_24SummerRun3': ['ScaleEB2G_IJazZ',                          
         'ScaleEE2G_IJazZ', 'Smearing2G_IJazZ',                                 
         'energyErrShift', 'FNUF', 'Material', 'Pileup',                        
         'SF_photon_ID', 'ElectronVetoSF', 'PreselSF',                          
         'TriggerSF', 'AlphaS', 'PartonShower', 'LHEScale',                     
         'LHEPdf'], 'TTtoLNu2Q_24SummerRun3':                                   
         ['ScaleEB2G_IJazZ', 'ScaleEE2G_IJazZ',                                 
         'Smearing2G_IJazZ', 'energyErrShift', 'FNUF',                          
         'Material', 'Pileup', 'SF_photon_ID',                                  
         'ElectronVetoSF', 'PreselSF', 'TriggerSF',                             
         'AlphaS', 'PartonShower', 'LHEScale', 'LHEPdf']}                       
INFO     Year: {'TTG1Jets_24SummerRun3': ['2024'],           run_analysis.py:146
         'TTto2L2Nu_24SummerRun3': ['2024'],                                    
         'TTtoLNu2Q_24SummerRun3': ['2024']}                                    
INFO     The following datasets are present in the analysis  run_analysis.py:163
         but not in the sample json and will be ignored:                        
         ['TTG1Jets_24SummerRun3', 'TTto2L2Nu_24SummerRun3']                    
INFO     Skipping Mass resolution decorrelation as required      skeleton.py:172
INFO     Skipping CQR as required                                skeleton.py:186
Preprocessing 100% ━━━━━━━━━━━━━━━━━━━━━━━━ 1/1 [ 0:00:03 < 0:00:00 | ? file/s ]
Dataset TTtoLNu2Q_24SummerRun3: 672144 events
after trigger: Dataset TTtoLNu2Q_24SummerRun3: 672144 events
s_or_s_applied:  True
s_or_s_ele_applied:  True
Adding pt_raw to photons
Photon_fields ['cutBased', 'electronVeto', 'hasConversionTracks', 'isScEtaEB', 'isScEtaEE', 'mvaID_WP80', 'mvaID_WP90', 'pixelSeed', 'seedGain', 'electronIdx', 'jetIdx', 'seediEtaOriX', 'seediPhiOriY', 'vidNestedWPBitmap', 'ecalPFClusterIso', 'energyErr', 'energyRaw', 'esEffSigmaRR', 'esEnergyOverRawE', 'eta', 'etaWidth', 'haloTaggerMVAVal', 'hcalPFClusterIso', 'hoe', 'hoe_PUcorr', 'hoe_Tower', 'mvaID', 'pfChargedIso', 'pfChargedIsoPFPV', 'pfChargedIsoWorstVtx', 'pfPhoIso03', 'pfRelIso03_all_quadratic', 'pfRelIso03_chg_quadratic', 'phi', 'phiWidth', 'pt', 'r9', 's4', 'sieie', 'sieip', 'sipip', 'superclusterEta', 'trkSumPtHollowConeDR03', 'trkSumPtSolidConeDR04', 'x_calo', 'y_calo', 'z_calo', 'genPartFlav', 'genPartIdx', 'electronIdxG', 'genPartIdxG', 'jetIdxG', 'ScEta', 'pt_raw']
Electron_fields ['convVeto', 'cutBased', 'cutBased_HEEP', 'isEB', 'isEcalDriven', 'isPFcand', 'jetNDauCharged', 'lostHits', 'mvaIso_WP80', 'mvaIso_WP90', 'mvaIso_WPHZZ', 'mvaNoIso_WP80', 'mvaNoIso_WP90', 'seedGain', 'tightCharge', 'jetIdx', 'photonIdx', 'seediEtaOriX', 'seediPhiOriY', 'svIdx', 'fsrPhotonIdx', 'charge', 'pdgId', 'vidNestedWPBitmap', 'vidNestedWPBitmapHEEP', 'PreshowerEnergy', 'deltaEtaSC', 'dr03EcalRecHitSumEt', 'dr03HcalDepth1TowerSumEt', 'dr03TkSumPt', 'dr03TkSumPtHEEP', 'dxy', 'dxyErr', 'dz', 'dzErr', 'eInvMinusPInv', 'ecalEnergy', 'ecalEnergyError', 'energyErr', 'eta', 'fbrem', 'gsfTrketaMode', 'gsfTrkpMode', 'gsfTrkpModeErr', 'gsfTrkphiMode', 'hoe', 'ip3d', 'jetDF', 'jetPtRelv2', 'jetRelIso', 'mass', 'miniPFRelIso_all', 'miniPFRelIso_chg', 'mvaHZZIso', 'mvaIso', 'mvaNoIso', 'pfRelIso03_all', 'pfRelIso03_chg', 'pfRelIso04_all', 'phi', 'pt', 'r9', 'rawEnergy', 'scEtOverPt', 'sieie', 'sip3d', 'superclusterEta', 'promptMVA', 'genPartFlav', 'genPartIdx', 'IPx', 'IPy', 'IPz', 'ipLengthSig', 'genPartIdxG', 'jetIdxG', 'photonIdxG', 'pt_raw']
INFO     Applying correction Smearing2G_IJazZ to     HtoAAtobbgg_BKG_2024.py:228
         dataset TTtoLNu2Q_24SummerRun3                                         
ERROR    The JSON file                                 EGM_SS_systematics.py:449
         /eos/home-b/bbapi/HiggsDNA/higgs_dna/systemat                          
         ics/JSONs/scaleAndSmearing/EGMScalesSmearing_                          
         Pho_2024_mvaID.v1.json could not be found!                             
          Check if the file has been pulled                                     
          pull_files.py -t SS-IJazZ                                             
                                                                                
Processing   0%                            0/1 [ 0:00:39 < -:--:-- | ? chunk/s ]
