Traceback (most recent call last):
  File "/eos/home-b/bbapi/HiggsDNA/micromamba_dir/envs/higgs-dna-new/bin/run_analysis.py", line 3, in <module>
    from higgs_dna.scripts.run_analysis import main
  File "/eos/home-b/bbapi/HiggsDNA/higgs_dna/scripts/run_analysis.py", line 18, in <module>
    from higgs_dna.workflows import workflows
  File "/eos/home-b/bbapi/HiggsDNA/higgs_dna/workflows/__init__.py", line 1, in <module>
    from higgs_dna.workflows.base import HggBaseProcessor
  File "/eos/home-b/bbapi/HiggsDNA/higgs_dna/workflows/base.py", line 22, in <module>
    from higgs_dna.tools.flow_corrections import apply_flow_corrections_to_photons
  File "/eos/home-b/bbapi/HiggsDNA/higgs_dna/tools/flow_corrections.py", line 2, in <module>
    import torch
  File "/eos/home-b/bbapi/HiggsDNA/micromamba_dir/envs/higgs-dna-new/lib/python3.11/site-packages/torch/__init__.py", line 2126, in <module>
    from torch import _VF as _VF, functional as functional  # usort: skip
    ^^^^^^^^^^^^^^^^^^^^^^^^^^^^^^^^^^^^^^^^^^^^^^^^^^^^^^
  File "/eos/home-b/bbapi/HiggsDNA/micromamba_dir/envs/higgs-dna-new/lib/python3.11/site-packages/torch/functional.py", line 8, in <module>
    import torch.nn.functional as F
  File "/eos/home-b/bbapi/HiggsDNA/micromamba_dir/envs/higgs-dna-new/lib/python3.11/site-packages/torch/nn/__init__.py", line 8, in <module>
    from torch.nn.modules import *  # usort: skip # noqa: F403
    ^^^^^^^^^^^^^^^^^^^^^^^^^^^^^^
  File "/eos/home-b/bbapi/HiggsDNA/micromamba_dir/envs/higgs-dna-new/lib/python3.11/site-packages/torch/nn/modules/__init__.py", line 1, in <module>
    from .module import Module  # usort: skip
    ^^^^^^^^^^^^^^^^^^^^^^^^^^
  File "/eos/home-b/bbapi/HiggsDNA/micromamba_dir/envs/higgs-dna-new/lib/python3.11/site-packages/torch/nn/modules/module.py", line 15, in <module>
    from torch._prims_common import DeviceLikeType
ImportError: cannot import name 'DeviceLikeType' from 'torch._prims_common' (unknown location)
