INFO     Start production                                    run_analysis.py:123
INFO     Corrections: {'EGamma-Data-2024F': ['ScaleEB_Zmmg', run_analysis.py:171
         'ScaleEE_Zmmg', 'jec_Data2024'], 'Muon-Data-2024F':                    
         ['ScaleEB_Zmmg', 'ScaleEE_Zmmg', 'jec_Data2024']}                      
INFO     Systematics: {'EGamma-Data-2024F': [],              run_analysis.py:172
         'Muon-Data-2024F': []}                                                 
INFO     Year: {'EGamma-Data-2024F': ['2024'],               run_analysis.py:173
         'Muon-Data-2024F': ['2024']}                                           
INFO     The following datasets are present in the analysis  run_analysis.py:190
         but not in the sample json and will be ignored:                        
         ['Muon-Data-2024F']                                                    
INFO     Skipping Mass resolution decorrelation as required      skeleton.py:168
INFO     Skipping CQR as required                                skeleton.py:182
Preprocessing 100% ━━━━━━━━━━━━━━━━━━━━━━━━ 1/1 [ 0:00:04 < 0:00:00 | ? file/s ]
Dataset EGamma-Data-2024F: 531089 events
INFO     Year: 2024 GoldenJson:                            lumi_selections.py:58
         /eos/home-b/bbapi/HiggsDNA_220526/HiggsDNA/higgs_                      
         dna/selections/../metaconditions/CAF/certificatio                      
         n/Collisions24/Cert_Collisions2024_378981_386951_                      
         Golden.json                                                            
after trigger: Dataset EGamma-Data-2024F: 144591 events
s_or_s_applied:  True
s_or_s_ele_applied:  False
Adding pt_raw to photons
Photon_fields ['cutBased', 'electronVeto', 'hasConversionTracks', 'isScEtaEB', 'isScEtaEE', 'mvaID_WP80', 'mvaID_WP90', 'pixelSeed', 'seedGain', 'electronIdx', 'jetIdx', 'seediEtaOriX', 'seediPhiOriY', 'vidNestedWPBitmap', 'ecalPFClusterIso', 'energyErr', 'energyRaw', 'esEffSigmaRR', 'esEnergyOverRawE', 'eta', 'etaWidth', 'haloTaggerMVAVal', 'hcalPFClusterIso', 'hoe', 'hoe_PUcorr', 'hoe_Tower', 'mvaID', 'pfChargedIso', 'pfChargedIsoPFPV', 'pfChargedIsoWorstVtx', 'pfPhoIso03', 'pfRelIso03_all_quadratic', 'pfRelIso03_chg_quadratic', 'phi', 'phiWidth', 'pt', 'r9', 's4', 'sieie', 'sieip', 'sipip', 'superclusterEta', 'trkSumPtHollowConeDR03', 'trkSumPtSolidConeDR04', 'x_calo', 'y_calo', 'z_calo', 'electronIdxG', 'jetIdxG', 'mass', 'charge', 'ScEta']
Electron_fields ['convVeto', 'cutBased', 'cutBased_HEEP', 'isEB', 'isEcalDriven', 'isPFcand', 'jetNDauCharged', 'lostHits', 'mvaIso_WP80', 'mvaIso_WP90', 'mvaIso_WPHZZ', 'mvaNoIso_WP80', 'mvaNoIso_WP90', 'seedGain', 'tightCharge', 'jetIdx', 'photonIdx', 'seediEtaOriX', 'seediPhiOriY', 'svIdx', 'fsrPhotonIdx', 'charge', 'pdgId', 'vidNestedWPBitmap', 'vidNestedWPBitmapHEEP', 'PreshowerEnergy', 'deltaEtaSC', 'dr03EcalRecHitSumEt', 'dr03HcalDepth1TowerSumEt', 'dr03TkSumPt', 'dr03TkSumPtHEEP', 'dxy', 'dxyErr', 'dz', 'dzErr', 'eInvMinusPInv', 'ecalEnergy', 'ecalEnergyError', 'energyErr', 'eta', 'fbrem', 'gsfTrketaMode', 'gsfTrkpMode', 'gsfTrkpModeErr', 'gsfTrkphiMode', 'hoe', 'ip3d', 'jetDF', 'jetPtRelv2', 'jetRelIso', 'mass', 'miniPFRelIso_all', 'miniPFRelIso_chg', 'mvaHZZIso', 'mvaIso', 'mvaNoIso', 'pfRelIso03_all', 'pfRelIso03_chg', 'pfRelIso04_all', 'phi', 'pt', 'r9', 'rawEnergy', 'scEtOverPt', 'sieie', 'sip3d', 'superclusterEta', 'promptMVA', 'IPx', 'IPy', 'IPz', 'ipLengthSig', 'jetIdxG', 'photonIdxG']
INFO     Applying correction       My_first_processor_WH_Cat1_HDNA_presel.py:259
         jec_Data2024 to dataset                                                
         EGamma-Data-2024F                                                      
WARNING  Current 2024 and 2025 JER are preliminary,  jet_systematics_json.py:153
         2023PostBPix is used! These ntuples should                             
         not be used for a final physics result!                                
Number of photons:  144591
Printing jet fields for debugging:  ['chMultiplicity', 'nConstituents', 'nElectrons', 'nMuons', 'nSVs', 'neMultiplicity', 'electronIdx1', 'electronIdx2', 'muonIdx1', 'muonIdx2', 'svIdx1', 'svIdx2', 'hfadjacentEtaStripsSize', 'hfcentralEtaStripSize', 'PNetRegPtRawCorr', 'PNetRegPtRawCorrNeutrino', 'PNetRegPtRawRes', 'UParTAK4RegPtRawCorr', 'UParTAK4RegPtRawCorrNeutrino', 'UParTAK4RegPtRawRes', 'UParTAK4V1RegPtRawCorr', 'UParTAK4V1RegPtRawCorrNeutrino', 'UParTAK4V1RegPtRawRes', 'area', 'btagDeepFlavB', 'btagDeepFlavCvB', 'btagDeepFlavCvL', 'btagDeepFlavQG', 'btagPNetB', 'btagPNetCvB', 'btagPNetCvL', 'btagPNetCvNotB', 'btagPNetQvG', 'btagPNetTauVJet', 'btagUParTAK4B', 'btagUParTAK4CvB', 'btagUParTAK4CvL', 'btagUParTAK4CvNotB', 'btagUParTAK4Ele', 'btagUParTAK4Mu', 'btagUParTAK4QvG', 'btagUParTAK4SvCB', 'btagUParTAK4SvUDG', 'btagUParTAK4TauVJet', 'btagUParTAK4UDG', 'btagUParTAK4probb', 'btagUParTAK4probbb', 'chEmEF', 'chHEF', 'eta', 'hfEmEF', 'hfHEF', 'hfsigmaEtaEta', 'hfsigmaPhiPhi', 'mass', 'muEF', 'muonSubtrDeltaEta', 'muonSubtrDeltaPhi', 'muonSubtrFactor', 'neEmEF', 'neHEF', 'phi', 'pt', 'puIdDisc', 'rawFactor', 'electronIdx1G', 'electronIdx2G', 'muonIdx1G', 'muonIdx2G', 'muonIdxG', 'electronIdxG', 'charge', 'jetId', 'run', 'pt_nano', 'mass_nano', 'pt_raw', 'mass_raw', 'rho_value', 'pt_jec', 'mass_jec']
Dataset EGamma-Data-2024F: 1 Diphotons
Pos2: Dataset EGamma-Data-2024F: 1 Diphotons
Pos3: Dataset EGamma-Data-2024F: 1 Diphotons
Pos4: Dataset EGamma-Data-2024F: 1 Diphotons
Length of diphoton array:  1
diphoton array:  [[{pho_lead: {cutBased: ??, ...}, pho_sublead: {...}, pt: 53.8, eta: ..., ...}]]
Length of n_bjets array:  1
n_bjets array:  [1]
leppt
1 * float64
lepeta
1 * float64
pT1_by_mbb
1 * float64
pT2_by_mbb
1 * float64
delphi_gg
1 * float32[parameters={"typename": "float[]"}]
delphi_bb
1 * float64
delphi_bbgg
1 * ?float64
Dataset EGamma-Data-2024F: 531089 events
INFO     Year: 2024 GoldenJson:                            lumi_selections.py:58
         /eos/home-b/bbapi/HiggsDNA_220526/HiggsDNA/higgs_                      
         dna/selections/../metaconditions/CAF/certificatio                      
         n/Collisions24/Cert_Collisions2024_378981_386951_                      
         Golden.json                                                            
after trigger: Dataset EGamma-Data-2024F: 146556 events
s_or_s_applied:  True
s_or_s_ele_applied:  False
Adding pt_raw to photons
Photon_fields ['cutBased', 'electronVeto', 'hasConversionTracks', 'isScEtaEB', 'isScEtaEE', 'mvaID_WP80', 'mvaID_WP90', 'pixelSeed', 'seedGain', 'electronIdx', 'jetIdx', 'seediEtaOriX', 'seediPhiOriY', 'vidNestedWPBitmap', 'ecalPFClusterIso', 'energyErr', 'energyRaw', 'esEffSigmaRR', 'esEnergyOverRawE', 'eta', 'etaWidth', 'haloTaggerMVAVal', 'hcalPFClusterIso', 'hoe', 'hoe_PUcorr', 'hoe_Tower', 'mvaID', 'pfChargedIso', 'pfChargedIsoPFPV', 'pfChargedIsoWorstVtx', 'pfPhoIso03', 'pfRelIso03_all_quadratic', 'pfRelIso03_chg_quadratic', 'phi', 'phiWidth', 'pt', 'r9', 's4', 'sieie', 'sieip', 'sipip', 'superclusterEta', 'trkSumPtHollowConeDR03', 'trkSumPtSolidConeDR04', 'x_calo', 'y_calo', 'z_calo', 'electronIdxG', 'jetIdxG', 'mass', 'charge', 'ScEta']
Electron_fields ['convVeto', 'cutBased', 'cutBased_HEEP', 'isEB', 'isEcalDriven', 'isPFcand', 'jetNDauCharged', 'lostHits', 'mvaIso_WP80', 'mvaIso_WP90', 'mvaIso_WPHZZ', 'mvaNoIso_WP80', 'mvaNoIso_WP90', 'seedGain', 'tightCharge', 'jetIdx', 'photonIdx', 'seediEtaOriX', 'seediPhiOriY', 'svIdx', 'fsrPhotonIdx', 'charge', 'pdgId', 'vidNestedWPBitmap', 'vidNestedWPBitmapHEEP', 'PreshowerEnergy', 'deltaEtaSC', 'dr03EcalRecHitSumEt', 'dr03HcalDepth1TowerSumEt', 'dr03TkSumPt', 'dr03TkSumPtHEEP', 'dxy', 'dxyErr', 'dz', 'dzErr', 'eInvMinusPInv', 'ecalEnergy', 'ecalEnergyError', 'energyErr', 'eta', 'fbrem', 'gsfTrketaMode', 'gsfTrkpMode', 'gsfTrkpModeErr', 'gsfTrkphiMode', 'hoe', 'ip3d', 'jetDF', 'jetPtRelv2', 'jetRelIso', 'mass', 'miniPFRelIso_all', 'miniPFRelIso_chg', 'mvaHZZIso', 'mvaIso', 'mvaNoIso', 'pfRelIso03_all', 'pfRelIso03_chg', 'pfRelIso04_all', 'phi', 'pt', 'r9', 'rawEnergy', 'scEtOverPt', 'sieie', 'sip3d', 'superclusterEta', 'promptMVA', 'IPx', 'IPy', 'IPz', 'ipLengthSig', 'jetIdxG', 'photonIdxG']
INFO     Applying correction       My_first_processor_WH_Cat1_HDNA_presel.py:259
         jec_Data2024 to dataset                                                
         EGamma-Data-2024F                                                      
WARNING  Current 2024 and 2025 JER are preliminary,  jet_systematics_json.py:153
         2023PostBPix is used! These ntuples should                             
         not be used for a final physics result!                                
Number of photons:  146556
Printing jet fields for debugging:  ['chMultiplicity', 'nConstituents', 'nElectrons', 'nMuons', 'nSVs', 'neMultiplicity', 'electronIdx1', 'electronIdx2', 'muonIdx1', 'muonIdx2', 'svIdx1', 'svIdx2', 'hfadjacentEtaStripsSize', 'hfcentralEtaStripSize', 'PNetRegPtRawCorr', 'PNetRegPtRawCorrNeutrino', 'PNetRegPtRawRes', 'UParTAK4RegPtRawCorr', 'UParTAK4RegPtRawCorrNeutrino', 'UParTAK4RegPtRawRes', 'UParTAK4V1RegPtRawCorr', 'UParTAK4V1RegPtRawCorrNeutrino', 'UParTAK4V1RegPtRawRes', 'area', 'btagDeepFlavB', 'btagDeepFlavCvB', 'btagDeepFlavCvL', 'btagDeepFlavQG', 'btagPNetB', 'btagPNetCvB', 'btagPNetCvL', 'btagPNetCvNotB', 'btagPNetQvG', 'btagPNetTauVJet', 'btagUParTAK4B', 'btagUParTAK4CvB', 'btagUParTAK4CvL', 'btagUParTAK4CvNotB', 'btagUParTAK4Ele', 'btagUParTAK4Mu', 'btagUParTAK4QvG', 'btagUParTAK4SvCB', 'btagUParTAK4SvUDG', 'btagUParTAK4TauVJet', 'btagUParTAK4UDG', 'btagUParTAK4probb', 'btagUParTAK4probbb', 'chEmEF', 'chHEF', 'eta', 'hfEmEF', 'hfHEF', 'hfsigmaEtaEta', 'hfsigmaPhiPhi', 'mass', 'muEF', 'muonSubtrDeltaEta', 'muonSubtrDeltaPhi', 'muonSubtrFactor', 'neEmEF', 'neHEF', 'phi', 'pt', 'puIdDisc', 'rawFactor', 'electronIdx1G', 'electronIdx2G', 'muonIdx1G', 'muonIdx2G', 'muonIdxG', 'electronIdxG', 'charge', 'jetId', 'run', 'pt_nano', 'mass_nano', 'pt_raw', 'mass_raw', 'rho_value', 'pt_jec', 'mass_jec']
Dataset EGamma-Data-2024F: 0 Diphotons
Pos2: Dataset EGamma-Data-2024F: 0 Diphotons
Pos3: Dataset EGamma-Data-2024F: 0 Diphotons
Pos4: Dataset EGamma-Data-2024F: 0 Diphotons
Length of diphoton array:  0
diphoton array:  []
Length of n_bjets array:  0
n_bjets array:  []
leppt
0 * float64
lepeta
0 * float64
pT1_by_mbb
0 * float64
pT2_by_mbb
0 * float64
delphi_gg
0 * float32[parameters={"typename": "float[]"}]
delphi_bb
0 * float64
delphi_bbgg
0 * ?float64
Processing 100% ━━━━━━━━━━━━━━━━━━━━━━━━━━ 2/2 [ 0:02:07 < 0:00:00 | ? chunk/s ]
