INFO     Start production                                    run_analysis.py:122
INFO     Corrections: {'TTG1Jets_24SummerRun3':              run_analysis.py:144
         ['Smearing2G_IJazZ', 'energyErrShift', 'FNUF',                         
         'Material', 'jec_jet_syst', 'Pileup',                                  
         'SF_photon_ID', 'ElectronVetoSF', 'PreselSF',                          
         'TriggerSF'], 'TTto2L2Nu_24SummerRun3':                                
         ['Smearing2G_IJazZ', 'energyErrShift', 'FNUF',                         
         'Material', 'jec_jet_syst', 'Pileup',                                  
         'SF_photon_ID', 'ElectronVetoSF', 'PreselSF',                          
         'TriggerSF'], 'TTtoLNu2Q_24SummerRun3':                                
         ['Smearing2G_IJazZ', 'energyErrShift', 'FNUF',                         
         'Material', 'jec_jet_syst', 'Pileup',                                  
         'SF_photon_ID', 'ElectronVetoSF', 'PreselSF',                          
         'TriggerSF']}                                                          
INFO     Systematics: {'TTG1Jets_24SummerRun3':              run_analysis.py:145
         ['ScaleEB2G_IJazZ', 'ScaleEE2G_IJazZ',                                 
         'Smearing2G_IJazZ', 'energyErrShift', 'FNUF',                          
         'Material', 'Pileup', 'SF_photon_ID',                                  
         'ElectronVetoSF', 'PreselSF', 'TriggerSF',                             
         'AlphaS', 'PartonShower', 'LHEScale', 'LHEPdf'],                       
         'TTto2L2Nu_24SummerRun3': ['ScaleEB2G_IJazZ',                          
         'ScaleEE2G_IJazZ', 'Smearing2G_IJazZ',                                 
         'energyErrShift', 'FNUF', 'Material', 'Pileup',                        
         'SF_photon_ID', 'ElectronVetoSF', 'PreselSF',                          
         'TriggerSF', 'AlphaS', 'PartonShower', 'LHEScale',                     
         'LHEPdf'], 'TTtoLNu2Q_24SummerRun3':                                   
         ['ScaleEB2G_IJazZ', 'ScaleEE2G_IJazZ',                                 
         'Smearing2G_IJazZ', 'energyErrShift', 'FNUF',                          
         'Material', 'Pileup', 'SF_photon_ID',                                  
         'ElectronVetoSF', 'PreselSF', 'TriggerSF',                             
         'AlphaS', 'PartonShower', 'LHEScale', 'LHEPdf']}                       
INFO     Year: {'TTG1Jets_24SummerRun3': ['2024'],           run_analysis.py:146
         'TTto2L2Nu_24SummerRun3': ['2024'],                                    
         'TTtoLNu2Q_24SummerRun3': ['2024']}                                    
