Traceback (most recent call last):
  File "/eos/home-b/bbapi/HiggsDNA/micromamba_dir/envs/higgs-dna-new/bin/run_analysis.py", line 3, in <module>
    from higgs_dna.scripts.run_analysis import main
  File "/eos/home-b/bbapi/HiggsDNA/higgs_dna/scripts/run_analysis.py", line 18, in <module>
    from higgs_dna.workflows import workflows
  File "/eos/home-b/bbapi/HiggsDNA/higgs_dna/workflows/__init__.py", line 1, in <module>
    from higgs_dna.workflows.base import HggBaseProcessor
  File "/eos/home-b/bbapi/HiggsDNA/higgs_dna/workflows/base.py", line 5, in <module>
    from higgs_dna.tools.EcalBadCalibCrystal_events import remove_EcalBadCalibCrystal_events
  File "/eos/home-b/bbapi/HiggsDNA/higgs_dna/tools/EcalBadCalibCrystal_events.py", line 2, in <module>
    from higgs_dna.selections.object_selections import delta_phi_mask
  File "/eos/home-b/bbapi/HiggsDNA/higgs_dna/selections/object_selections.py", line 3, in <module>
    from coffea.nanoevents.methods import vector
  File "/eos/home-b/bbapi/HiggsDNA/micromamba_dir/envs/higgs-dna-new/lib/python3.11/site-packages/coffea/nanoevents/methods/vector.py", line 51, in <module>
    @numba.vectorize(
     ^^^^^^^^^^^^^^^^
  File "/eos/home-b/bbapi/HiggsDNA/micromamba_dir/envs/higgs-dna-new/lib/python3.11/site-packages/numba/np/ufunc/decorators.py", line 131, in wrap
    vec.add(sig)
  File "/eos/home-b/bbapi/HiggsDNA/micromamba_dir/envs/higgs-dna-new/lib/python3.11/site-packages/numba/np/ufunc/dufunc.py", line 272, in add
    return self._compile_for_argtys(args, return_type)
           ^^^^^^^^^^^^^^^^^^^^^^^^^^^^^^^^^^^^^^^^^^^
  File "/eos/home-b/bbapi/HiggsDNA/micromamba_dir/envs/higgs-dna-new/lib/python3.11/site-packages/numba/core/compiler_lock.py", line 35, in _acquire_compile_lock
    return func(*args, **kwargs)
           ^^^^^^^^^^^^^^^^^^^^^
  File "/eos/home-b/bbapi/HiggsDNA/micromamba_dir/envs/higgs-dna-new/lib/python3.11/site-packages/numba/np/ufunc/dufunc.py", line 346, in _compile_for_argtys
    cres, argtys, return_type = ufuncbuilder._compile_element_wise_function(
                                ^^^^^^^^^^^^^^^^^^^^^^^^^^^^^^^^^^^^^^^^^^^^
  File "/eos/home-b/bbapi/HiggsDNA/micromamba_dir/envs/higgs-dna-new/lib/python3.11/site-packages/numba/np/ufunc/ufuncbuilder.py", line 175, in _compile_element_wise_function
    cres = nb_func.compile(sig, **targetoptions)
           ^^^^^^^^^^^^^^^^^^^^^^^^^^^^^^^^^^^^^
  File "/eos/home-b/bbapi/HiggsDNA/micromamba_dir/envs/higgs-dna-new/lib/python3.11/site-packages/numba/np/ufunc/ufuncbuilder.py", line 123, in compile
    return self._compile_core(sig, flags, locals)
           ^^^^^^^^^^^^^^^^^^^^^^^^^^^^^^^^^^^^^^
  File "/eos/home-b/bbapi/HiggsDNA/micromamba_dir/envs/higgs-dna-new/lib/python3.11/site-packages/numba/np/ufunc/ufuncbuilder.py", line 156, in _compile_core
    cres = compiler.compile_extra(typingctx, targetctx,
           ^^^^^^^^^^^^^^^^^^^^^^^^^^^^^^^^^^^^^^^^^^^^
  File "/eos/home-b/bbapi/HiggsDNA/micromamba_dir/envs/higgs-dna-new/lib/python3.11/site-packages/numba/core/compiler.py", line 742, in compile_extra
    pipeline = pipeline_class(typingctx, targetctx, library,
               ^^^^^^^^^^^^^^^^^^^^^^^^^^^^^^^^^^^^^^^^^^^^^
  File "/eos/home-b/bbapi/HiggsDNA/micromamba_dir/envs/higgs-dna-new/lib/python3.11/site-packages/numba/core/compiler.py", line 394, in __init__
    typingctx.refresh()
  File "/eos/home-b/bbapi/HiggsDNA/micromamba_dir/envs/higgs-dna-new/lib/python3.11/site-packages/numba/core/typing/context.py", line 160, in refresh
    self._load_builtins()
  File "/eos/home-b/bbapi/HiggsDNA/micromamba_dir/envs/higgs-dna-new/lib/python3.11/site-packages/numba/core/typing/context.py", line 421, in _load_builtins
    self.install_registry(templates.builtin_registry)
  File "/eos/home-b/bbapi/HiggsDNA/micromamba_dir/envs/higgs-dna-new/lib/python3.11/site-packages/numba/core/typing/context.py", line 485, in install_registry
    self.insert_attributes(ftcls(self))
                           ^^^^^^^^^^^
  File "/eos/home-b/bbapi/HiggsDNA/micromamba_dir/envs/higgs-dna-new/lib/python3.11/site-packages/numba/core/typing/templates.py", line 1049, in __init__
    self._init_once()
  File "/eos/home-b/bbapi/HiggsDNA/micromamba_dir/envs/higgs-dna-new/lib/python3.11/site-packages/numba/core/typing/templates.py", line 1098, in _init_once
    registry = self._get_target_registry('method')
               ^^^^^^^^^^^^^^^^^^^^^^^^^^^^^^^^^^^
  File "/eos/home-b/bbapi/HiggsDNA/micromamba_dir/envs/higgs-dna-new/lib/python3.11/site-packages/numba/core/typing/templates.py", line 939, in _get_target_registry
    tgtctx.refresh()
  File "/eos/home-b/bbapi/HiggsDNA/micromamba_dir/envs/higgs-dna-new/lib/python3.11/site-packages/numba/core/base.py", line 267, in refresh
    self.load_additional_registries()
  File "/eos/home-b/bbapi/HiggsDNA/micromamba_dir/envs/higgs-dna-new/lib/python3.11/site-packages/numba/core/cpu.py", line 69, in load_additional_registries
    from numba.cpython import (builtins, charseq, enumimpl, # noqa F401
  File "/eos/home-b/bbapi/HiggsDNA/micromamba_dir/envs/higgs-dna-new/lib/python3.11/site-packages/numba/cpython/numbers.py", line 14, in <module>
    from numba.core import typing, types, utils, errors, cgutils, optional
  File "<frozen importlib._bootstrap>", line 1176, in _find_and_load
  File "<frozen importlib._bootstrap>", line 1147, in _find_and_load_unlocked
  File "<frozen importlib._bootstrap>", line 690, in _load_unlocked
  File "<frozen importlib._bootstrap_external>", line 936, in exec_module
  File "<frozen importlib._bootstrap_external>", line 1073, in get_code
  File "<frozen importlib._bootstrap_external>", line 1131, in get_data
OSError: [Errno 5] Input/output error
