Traceback (most recent call last):
  File "/eos/home-b/bbapi/HiggsDNA/micromamba_dir/envs/higgs-dna-new/bin/run_analysis.py", line 3, in <module>
    from higgs_dna.scripts.run_analysis import main
  File "/eos/home-b/bbapi/HiggsDNA/higgs_dna/scripts/run_analysis.py", line 21, in <module>
    from higgs_dna.utils.logger_utils import setup_logger
  File "/eos/home-b/bbapi/HiggsDNA/higgs_dna/utils/logger_utils.py", line 2, in <module>
    from rich.logging import RichHandler
  File "/eos/home-b/bbapi/HiggsDNA/micromamba_dir/envs/higgs-dna-new/lib/python3.11/site-packages/rich/logging.py", line 15, in <module>
    from .traceback import Traceback
  File "/eos/home-b/bbapi/HiggsDNA/micromamba_dir/envs/higgs-dna-new/lib/python3.11/site-packages/rich/traceback.py", line 45, in <module>
    from .syntax import Syntax, SyntaxPosition
  File "/eos/home-b/bbapi/HiggsDNA/micromamba_dir/envs/higgs-dna-new/lib/python3.11/site-packages/rich/syntax.py", line 26, in <module>
    from pygments.styles import get_style_by_name
  File "/eos/home-b/bbapi/HiggsDNA/micromamba_dir/envs/higgs-dna-new/lib/python3.11/site-packages/pygments/styles/__init__.py", line 13, in <module>
    from pygments.styles._mapping import STYLES
  File "<frozen importlib._bootstrap>", line 1176, in _find_and_load
  File "<frozen importlib._bootstrap>", line 1147, in _find_and_load_unlocked
  File "<frozen importlib._bootstrap>", line 690, in _load_unlocked
  File "<frozen importlib._bootstrap_external>", line 936, in exec_module
  File "<frozen importlib._bootstrap_external>", line 1073, in get_code
  File "<frozen importlib._bootstrap_external>", line 1131, in get_data
OSError: [Errno 5] Input/output error
