/eos/home-b/bbapi/HiggsDNA/micromamba_dir/envs/higgs-dna-new/lib/python3.11/site-packages/numba/core/cpu.py:99: UserWarning: Numba extension module 'awkward.numba' failed to load due to 'ModuleNotFoundError(No module named 'awkward._connect._numba.arrayview')'.
  numba.core.entrypoints.init_all()
/eos/home-b/bbapi/HiggsDNA/higgs_dna/workflows/skeleton.py:195: UserWarning: Could not load photonid MVA model from '/eos/home-b/bbapi/HiggsDNA/higgs_dna/metaconditions/photon_id_mva_weights/flashgg/MicroAOD/data/HggPhoId_94X_barrel_BDT_v2.weights.xml': [14:18:37] /home/conda/feedstock_root/build_artifacts/xgboost-split_1757348053364/work/dmlc-core/src/io/local_filesys.cc:210: Check failed: allow_null:  LocalFileSystem::Open "/eos/home-b/bbapi/HiggsDNA/higgs_dna/metaconditions/photon_id_mva_weights/flashgg/MicroAOD/data/HggPhoId_94X_barrel_BDT_v2.weights.xml": No such file or directory
Stack trace:
  [bt] (0) /eos/home-b/bbapi/HiggsDNA/micromamba_dir/envs/higgs-dna-new/lib/libxgboost.so(dmlc::LogMessageFatal::~LogMessageFatal()+0x6e) [0x14a949c5f0fe]
  [bt] (1) /eos/home-b/bbapi/HiggsDNA/micromamba_dir/envs/higgs-dna-new/lib/libxgboost.so(dmlc::io::LocalFileSystem::Open(dmlc::io::URI const&, char const*, bool)+0x235) [0x14a94af91fc5]
  [bt] (2) /eos/home-b/bbapi/HiggsDNA/micromamba_dir/envs/higgs-dna-new/lib/libxgboost.so(dmlc::Stream::Create(char const*, char const*, bool)+0x29a) [0x14a94af7975a]
  [bt] (3) /eos/home-b/bbapi/HiggsDNA/micromamba_dir/envs/higgs-dna-new/lib/libxgboost.so(XGBoosterLoadModel+0x329) [0x14a949bb3b79]
  [bt] (4) /eos/home-b/bbapi/HiggsDNA/micromamba_dir/envs/higgs-dna-new/lib/python3.11/lib-dynload/../../libffi.so.8(+0x6d8a) [0x14a981161d8a]
  [bt] (5) /eos/home-b/bbapi/HiggsDNA/micromamba_dir/envs/higgs-dna-new/lib/python3.11/lib-dynload/../../libffi.so.8(+0x61cd) [0x14a9811611cd]
  [bt] (6) /eos/home-b/bbapi/HiggsDNA/micromamba_dir/envs/higgs-dna-new/lib/python3.11/lib-dynload/../../libffi.so.8(ffi_call+0xcd) [0x14a98116191d]
  [bt] (7) /eos/home-b/bbapi/HiggsDNA/micromamba_dir/envs/higgs-dna-new/lib/python3.11/lib-dynload/_ctypes.cpython-311-x86_64-linux-gnu.so(+0x92c9) [0x14a9811702c9]
  [bt] (8) /eos/home-b/bbapi/HiggsDNA/micromamba_dir/envs/higgs-dna-new/lib/python3.11/lib-dynload/_ctypes.cpython-311-x86_64-linux-gnu.so(+0x87ee) [0x14a98116f7ee]

. Skipping.
  self.photonid_mva_EB = load_photonid_mva(
/eos/home-b/bbapi/HiggsDNA/higgs_dna/workflows/skeleton.py:201: UserWarning: Could not load photonid MVA model from '/eos/home-b/bbapi/HiggsDNA/higgs_dna/metaconditions/photon_id_mva_weights/flashgg/MicroAOD/data/HggPhoId_94X_endcap_BDT_v2.weights.xml': [14:18:37] /home/conda/feedstock_root/build_artifacts/xgboost-split_1757348053364/work/dmlc-core/src/io/local_filesys.cc:210: Check failed: allow_null:  LocalFileSystem::Open "/eos/home-b/bbapi/HiggsDNA/higgs_dna/metaconditions/photon_id_mva_weights/flashgg/MicroAOD/data/HggPhoId_94X_endcap_BDT_v2.weights.xml": No such file or directory
Stack trace:
  [bt] (0) /eos/home-b/bbapi/HiggsDNA/micromamba_dir/envs/higgs-dna-new/lib/libxgboost.so(dmlc::LogMessageFatal::~LogMessageFatal()+0x6e) [0x14a949c5f0fe]
  [bt] (1) /eos/home-b/bbapi/HiggsDNA/micromamba_dir/envs/higgs-dna-new/lib/libxgboost.so(dmlc::io::LocalFileSystem::Open(dmlc::io::URI const&, char const*, bool)+0x235) [0x14a94af91fc5]
  [bt] (2) /eos/home-b/bbapi/HiggsDNA/micromamba_dir/envs/higgs-dna-new/lib/libxgboost.so(dmlc::Stream::Create(char const*, char const*, bool)+0x29a) [0x14a94af7975a]
  [bt] (3) /eos/home-b/bbapi/HiggsDNA/micromamba_dir/envs/higgs-dna-new/lib/libxgboost.so(XGBoosterLoadModel+0x329) [0x14a949bb3b79]
  [bt] (4) /eos/home-b/bbapi/HiggsDNA/micromamba_dir/envs/higgs-dna-new/lib/python3.11/lib-dynload/../../libffi.so.8(+0x6d8a) [0x14a981161d8a]
  [bt] (5) /eos/home-b/bbapi/HiggsDNA/micromamba_dir/envs/higgs-dna-new/lib/python3.11/lib-dynload/../../libffi.so.8(+0x61cd) [0x14a9811611cd]
  [bt] (6) /eos/home-b/bbapi/HiggsDNA/micromamba_dir/envs/higgs-dna-new/lib/python3.11/lib-dynload/../../libffi.so.8(ffi_call+0xcd) [0x14a98116191d]
  [bt] (7) /eos/home-b/bbapi/HiggsDNA/micromamba_dir/envs/higgs-dna-new/lib/python3.11/lib-dynload/_ctypes.cpython-311-x86_64-linux-gnu.so(+0x92c9) [0x14a9811702c9]
  [bt] (8) /eos/home-b/bbapi/HiggsDNA/micromamba_dir/envs/higgs-dna-new/lib/python3.11/lib-dynload/_ctypes.cpython-311-x86_64-linux-gnu.so(+0x87ee) [0x14a98116f7ee]

. Skipping.
  self.photonid_mva_EE = load_photonid_mva(
/eos/home-b/bbapi/HiggsDNA/higgs_dna/tools/xgb_loader.py:26: UserWarning: FileNotFoundError(2, 'No such file or directory')
  warnings.warn(repr(fnferr))
/eos/home-b/bbapi/HiggsDNA/micromamba_dir/envs/higgs-dna-new/lib/python3.11/site-packages/coffea/processor/executor.py:1530: UserWarning: Failed processing file: WorkItem(dataset='TTtoLNu2Q_24SummerRun3', filename='root://xrootd-cms.infn.it///store/mc/RunIII2024Summer24NanoAODv15/TTtoLNu2Q_TuneCP5_13p6TeV_powheg-pythia8/NANOAODSIM/150X_mcRun3_2024_realistic_v2-v2/2520000/8400c16f-9a0f-43be-a5f3-c1bece5a0112.root', treename='Events', entrystart=397980, entrystop=795960, fileuuid=b'\xdf\xc4\x9c\xb2\x1b\xe0\x11\xf0\x8f{=\n\xc1\n\xbe\xef', usermeta={})
  warnings.warn(str(e))
/eos/home-b/bbapi/HiggsDNA/micromamba_dir/envs/higgs-dna-new/lib/python3.11/site-packages/XRootD/client/finalize.py:46: FutureWarning: `torch.distributed.reduce_op` is deprecated, please use `torch.distributed.ReduceOp` instead
  if isinstance(obj, File) and obj.is_open():
