Traceback (most recent call last):
  File "/eos/home-b/bbapi/HiggsDNA/micromamba_dir/envs/higgs-dna-new/bin/run_analysis.py", line 3, in <module>
    from higgs_dna.scripts.run_analysis import main
  File "/eos/home-b/bbapi/HiggsDNA/higgs_dna/scripts/run_analysis.py", line 18, in <module>
    from higgs_dna.workflows import workflows
  File "/eos/home-b/bbapi/HiggsDNA/higgs_dna/workflows/__init__.py", line 1, in <module>
    from higgs_dna.workflows.base import HggBaseProcessor
  File "/eos/home-b/bbapi/HiggsDNA/higgs_dna/workflows/base.py", line 1, in <module>
    from higgs_dna.workflows.skeleton import HggSkeletonProcessor
  File "/eos/home-b/bbapi/HiggsDNA/higgs_dna/workflows/skeleton.py", line 6, in <module>
    from higgs_dna.tools.xgb_loader import load_bdt
  File "/eos/home-b/bbapi/HiggsDNA/higgs_dna/tools/xgb_loader.py", line 5, in <module>
    import xgboost
  File "/eos/home-b/bbapi/HiggsDNA/micromamba_dir/envs/higgs-dna-new/lib/python3.11/site-packages/xgboost/__init__.py", line 6, in <module>
    from . import tracker  # noqa
    ^^^^^^^^^^^^^^^^^^^^^
  File "/eos/home-b/bbapi/HiggsDNA/micromamba_dir/envs/higgs-dna-new/lib/python3.11/site-packages/xgboost/tracker.py", line 9, in <module>
    from .core import _LIB, _check_call, _deprecate_positional_args, make_jcargs
  File "/eos/home-b/bbapi/HiggsDNA/micromamba_dir/envs/higgs-dna-new/lib/python3.11/site-packages/xgboost/core.py", line 39, in <module>
    from ._data_utils import (
  File "/eos/home-b/bbapi/HiggsDNA/micromamba_dir/envs/higgs-dna-new/lib/python3.11/site-packages/xgboost/_data_utils.py", line 11, in <module>
    from .compat import import_cupy
  File "/eos/home-b/bbapi/HiggsDNA/micromamba_dir/envs/higgs-dna-new/lib/python3.11/site-packages/xgboost/compat.py", line 36, in <module>
    from pandas import DataFrame, Series
  File "/eos/home-b/bbapi/HiggsDNA/micromamba_dir/envs/higgs-dna-new/lib/python3.11/site-packages/pandas/__init__.py", line 139, in <module>
    from pandas import testing
  File "<frozen importlib._bootstrap>", line 1176, in _find_and_load
  File "<frozen importlib._bootstrap>", line 1147, in _find_and_load_unlocked
  File "<frozen importlib._bootstrap>", line 690, in _load_unlocked
  File "<frozen importlib._bootstrap_external>", line 936, in exec_module
  File "<frozen importlib._bootstrap_external>", line 1073, in get_code
  File "<frozen importlib._bootstrap_external>", line 1131, in get_data
OSError: [Errno 5] Input/output error
