Traceback (most recent call last):
  File "/eos/home-b/bbapi/HiggsDNA/micromamba_dir/envs/higgs-dna-new/bin/run_analysis.py", line 3, in <module>
    from higgs_dna.scripts.run_analysis import main
  File "/eos/home-b/bbapi/HiggsDNA/higgs_dna/scripts/run_analysis.py", line 11, in <module>
    import uproot
  File "/eos/home-b/bbapi/HiggsDNA/micromamba_dir/envs/higgs-dna-new/lib/python3.11/site-packages/uproot/__init__.py", line 78, in <module>
    import uproot.extras
  File "/eos/home-b/bbapi/HiggsDNA/micromamba_dir/envs/higgs-dna-new/lib/python3.11/site-packages/uproot/extras.py", line 17, in <module>
    from uproot._util import parse_version
  File "/eos/home-b/bbapi/HiggsDNA/micromamba_dir/envs/higgs-dna-new/lib/python3.11/site-packages/uproot/_util.py", line 20, in <module>
    import setuptools
  File "/eos/home-b/bbapi/HiggsDNA/micromamba_dir/envs/higgs-dna-new/lib/python3.11/site-packages/setuptools/__init__.py", line 18, in <module>
    from setuptools.dist import Distribution
  File "/eos/home-b/bbapi/HiggsDNA/micromamba_dir/envs/higgs-dna-new/lib/python3.11/site-packages/setuptools/dist.py", line 32, in <module>
    from setuptools.extern.more_itertools import unique_everseen
  File "<frozen importlib._bootstrap>", line 1176, in _find_and_load
  File "<frozen importlib._bootstrap>", line 1147, in _find_and_load_unlocked
  File "<frozen importlib._bootstrap>", line 676, in _load_unlocked
  File "<frozen importlib._bootstrap>", line 573, in module_from_spec
  File "/eos/home-b/bbapi/HiggsDNA/micromamba_dir/envs/higgs-dna-new/lib/python3.11/site-packages/setuptools/extern/__init__.py", line 52, in create_module
    return self.load_module(spec.name)
           ^^^^^^^^^^^^^^^^^^^^^^^^^^^
  File "/eos/home-b/bbapi/HiggsDNA/micromamba_dir/envs/higgs-dna-new/lib/python3.11/site-packages/setuptools/extern/__init__.py", line 37, in load_module
    __import__(extant)
  File "/eos/home-b/bbapi/HiggsDNA/micromamba_dir/envs/higgs-dna-new/lib/python3.11/site-packages/setuptools/_vendor/more_itertools/__init__.py", line 1, in <module>
    from .more import *  # noqa
    ^^^^^^^^^^^^^^^^^^^
  File "/eos/home-b/bbapi/HiggsDNA/micromamba_dir/envs/higgs-dna-new/lib/python3.11/site-packages/setuptools/_vendor/more_itertools/more.py", line 5, in <module>
    from concurrent.futures import ThreadPoolExecutor
  File "/eos/home-b/bbapi/HiggsDNA/micromamba_dir/envs/higgs-dna-new/lib/python3.11/concurrent/futures/__init__.py", line 8, in <module>
    from concurrent.futures._base import (FIRST_COMPLETED,
  File "/eos/home-b/bbapi/HiggsDNA/micromamba_dir/envs/higgs-dna-new/lib/python3.11/concurrent/futures/_base.py", line 43, in <module>
    LOGGER = logging.getLogger("concurrent.futures")
             ^^^^^^^^^^^^^^^^^
AttributeError: module 'logging' has no attribute 'getLogger'
