/eos/home-b/bbapi/HiggsDNA/higgs_dna/workflows/skeleton.py:195: UserWarning: Could not load photonid MVA model from '/eos/home-b/bbapi/HiggsDNA/higgs_dna/metaconditions/photon_id_mva_weights/flashgg/MicroAOD/data/HggPhoId_94X_barrel_BDT_v2.weights.xml': [14:54:55] /home/conda/feedstock_root/build_artifacts/xgboost-split_1757348053364/work/dmlc-core/src/io/local_filesys.cc:210: Check failed: allow_null:  LocalFileSystem::Open "/eos/home-b/bbapi/HiggsDNA/higgs_dna/metaconditions/photon_id_mva_weights/flashgg/MicroAOD/data/HggPhoId_94X_barrel_BDT_v2.weights.xml": No such file or directory
Stack trace:
  [bt] (0) /eos/home-b/bbapi/HiggsDNA/micromamba_dir/envs/higgs-dna-new/lib/libxgboost.so(dmlc::LogMessageFatal::~LogMessageFatal()+0x6e) [0x153ac705f0fe]
  [bt] (1) /eos/home-b/bbapi/HiggsDNA/micromamba_dir/envs/higgs-dna-new/lib/libxgboost.so(dmlc::io::LocalFileSystem::Open(dmlc::io::URI const&, char const*, bool)+0x235) [0x153ac8391fc5]
  [bt] (2) /eos/home-b/bbapi/HiggsDNA/micromamba_dir/envs/higgs-dna-new/lib/libxgboost.so(dmlc::Stream::Create(char const*, char const*, bool)+0x29a) [0x153ac837975a]
  [bt] (3) /eos/home-b/bbapi/HiggsDNA/micromamba_dir/envs/higgs-dna-new/lib/libxgboost.so(XGBoosterLoadModel+0x329) [0x153ac6fb3b79]
  [bt] (4) /eos/home-b/bbapi/HiggsDNA/micromamba_dir/envs/higgs-dna-new/lib/python3.11/lib-dynload/../../libffi.so.8(+0x6d8a) [0x153afe52bd8a]
  [bt] (5) /eos/home-b/bbapi/HiggsDNA/micromamba_dir/envs/higgs-dna-new/lib/python3.11/lib-dynload/../../libffi.so.8(+0x61cd) [0x153afe52b1cd]
  [bt] (6) /eos/home-b/bbapi/HiggsDNA/micromamba_dir/envs/higgs-dna-new/lib/python3.11/lib-dynload/../../libffi.so.8(ffi_call+0xcd) [0x153afe52b91d]
  [bt] (7) /eos/home-b/bbapi/HiggsDNA/micromamba_dir/envs/higgs-dna-new/lib/python3.11/lib-dynload/_ctypes.cpython-311-x86_64-linux-gnu.so(+0x92c9) [0x153afe53a2c9]
  [bt] (8) /eos/home-b/bbapi/HiggsDNA/micromamba_dir/envs/higgs-dna-new/lib/python3.11/lib-dynload/_ctypes.cpython-311-x86_64-linux-gnu.so(+0x87ee) [0x153afe5397ee]

. Skipping.
  self.photonid_mva_EB = load_photonid_mva(
/eos/home-b/bbapi/HiggsDNA/higgs_dna/workflows/skeleton.py:201: UserWarning: Could not load photonid MVA model from '/eos/home-b/bbapi/HiggsDNA/higgs_dna/metaconditions/photon_id_mva_weights/flashgg/MicroAOD/data/HggPhoId_94X_endcap_BDT_v2.weights.xml': [14:54:55] /home/conda/feedstock_root/build_artifacts/xgboost-split_1757348053364/work/dmlc-core/src/io/local_filesys.cc:210: Check failed: allow_null:  LocalFileSystem::Open "/eos/home-b/bbapi/HiggsDNA/higgs_dna/metaconditions/photon_id_mva_weights/flashgg/MicroAOD/data/HggPhoId_94X_endcap_BDT_v2.weights.xml": No such file or directory
Stack trace:
  [bt] (0) /eos/home-b/bbapi/HiggsDNA/micromamba_dir/envs/higgs-dna-new/lib/libxgboost.so(dmlc::LogMessageFatal::~LogMessageFatal()+0x6e) [0x153ac705f0fe]
  [bt] (1) /eos/home-b/bbapi/HiggsDNA/micromamba_dir/envs/higgs-dna-new/lib/libxgboost.so(dmlc::io::LocalFileSystem::Open(dmlc::io::URI const&, char const*, bool)+0x235) [0x153ac8391fc5]
  [bt] (2) /eos/home-b/bbapi/HiggsDNA/micromamba_dir/envs/higgs-dna-new/lib/libxgboost.so(dmlc::Stream::Create(char const*, char const*, bool)+0x29a) [0x153ac837975a]
  [bt] (3) /eos/home-b/bbapi/HiggsDNA/micromamba_dir/envs/higgs-dna-new/lib/libxgboost.so(XGBoosterLoadModel+0x329) [0x153ac6fb3b79]
  [bt] (4) /eos/home-b/bbapi/HiggsDNA/micromamba_dir/envs/higgs-dna-new/lib/python3.11/lib-dynload/../../libffi.so.8(+0x6d8a) [0x153afe52bd8a]
  [bt] (5) /eos/home-b/bbapi/HiggsDNA/micromamba_dir/envs/higgs-dna-new/lib/python3.11/lib-dynload/../../libffi.so.8(+0x61cd) [0x153afe52b1cd]
  [bt] (6) /eos/home-b/bbapi/HiggsDNA/micromamba_dir/envs/higgs-dna-new/lib/python3.11/lib-dynload/../../libffi.so.8(ffi_call+0xcd) [0x153afe52b91d]
  [bt] (7) /eos/home-b/bbapi/HiggsDNA/micromamba_dir/envs/higgs-dna-new/lib/python3.11/lib-dynload/_ctypes.cpython-311-x86_64-linux-gnu.so(+0x92c9) [0x153afe53a2c9]
  [bt] (8) /eos/home-b/bbapi/HiggsDNA/micromamba_dir/envs/higgs-dna-new/lib/python3.11/lib-dynload/_ctypes.cpython-311-x86_64-linux-gnu.so(+0x87ee) [0x153afe5397ee]

. Skipping.
  self.photonid_mva_EE = load_photonid_mva(
/eos/home-b/bbapi/HiggsDNA/higgs_dna/tools/xgb_loader.py:26: UserWarning: FileNotFoundError(2, 'No such file or directory')
  warnings.warn(repr(fnferr))
/eos/home-b/bbapi/HiggsDNA/micromamba_dir/envs/higgs-dna-new/lib/python3.11/site-packages/coffea/processor/executor.py:1530: UserWarning: XRootD error: [ERROR] Operation expired
in file root://xrootd-cms.infn.it///store/mc/RunIII2024Summer24NanoAODv15/TTtoLNu2Q_TuneCP5_13p6TeV_powheg-pythia8/NANOAODSIM/150X_mcRun3_2024_realistic_v2-v2/2810000/a040c307-a27b-48d8-9c10-8061b86c75fa.root
  warnings.warn(str(e))
Traceback (most recent call last):
  File "/eos/home-b/bbapi/HiggsDNA/micromamba_dir/envs/higgs-dna-new/bin/run_analysis.py", line 7, in <module>
    sys.exit(main())
             ^^^^^^
  File "/eos/home-b/bbapi/HiggsDNA/higgs_dna/scripts/run_analysis.py", line 306, in main
    run_executor(args, executor, sample_dict, processor_instance)
  File "/eos/home-b/bbapi/HiggsDNA/higgs_dna/scripts/run_analysis.py", line 87, in run_executor
    output = run(
             ^^^^
  File "/eos/home-b/bbapi/HiggsDNA/micromamba_dir/envs/higgs-dna-new/lib/python3.11/site-packages/coffea/processor/executor.py", line 1885, in __call__
    wrapped_out = self.run(fileset, processor_instance, treename)
                  ^^^^^^^^^^^^^^^^^^^^^^^^^^^^^^^^^^^^^^^^^^^^^^^
  File "/eos/home-b/bbapi/HiggsDNA/micromamba_dir/envs/higgs-dna-new/lib/python3.11/site-packages/coffea/processor/executor.py", line 2035, in run
    wrapped_out, e = executor(chunks, closure, None)
    ^^^^^^^^^^^^^^
TypeError: cannot unpack non-iterable NoneType object
/eos/home-b/bbapi/HiggsDNA/micromamba_dir/envs/higgs-dna-new/lib/python3.11/site-packages/XRootD/client/finalize.py:46: FutureWarning: `torch.distributed.reduce_op` is deprecated, please use `torch.distributed.ReduceOp` instead
  if isinstance(obj, File) and obj.is_open():
