Traceback (most recent call last):
  File "/eos/home-b/bbapi/HiggsDNA/micromamba_dir/envs/higgs-dna-new/bin/run_analysis.py", line 3, in <module>
    from higgs_dna.scripts.run_analysis import main
  File "/eos/home-b/bbapi/HiggsDNA/higgs_dna/scripts/run_analysis.py", line 18, in <module>
    from higgs_dna.workflows import workflows
  File "/eos/home-b/bbapi/HiggsDNA/higgs_dna/workflows/__init__.py", line 1, in <module>
    from higgs_dna.workflows.base import HggBaseProcessor
  File "/eos/home-b/bbapi/HiggsDNA/higgs_dna/workflows/base.py", line 22, in <module>
    from higgs_dna.tools.flow_corrections import apply_flow_corrections_to_photons
  File "/eos/home-b/bbapi/HiggsDNA/higgs_dna/tools/flow_corrections.py", line 2, in <module>
    import torch
  File "/eos/home-b/bbapi/HiggsDNA/micromamba_dir/envs/higgs-dna-new/lib/python3.11/site-packages/torch/__init__.py", line 2126, in <module>
    from torch import _VF as _VF, functional as functional  # usort: skip
    ^^^^^^^^^^^^^^^^^^^^^^^^^^^^^^^^^^^^^^^^^^^^^^^^^^^^^^
  File "/eos/home-b/bbapi/HiggsDNA/micromamba_dir/envs/higgs-dna-new/lib/python3.11/site-packages/torch/functional.py", line 8, in <module>
    import torch.nn.functional as F
  File "/eos/home-b/bbapi/HiggsDNA/micromamba_dir/envs/higgs-dna-new/lib/python3.11/site-packages/torch/nn/__init__.py", line 8, in <module>
    from torch.nn.modules import *  # usort: skip # noqa: F403
    ^^^^^^^^^^^^^^^^^^^^^^^^^^^^^^
  File "/eos/home-b/bbapi/HiggsDNA/micromamba_dir/envs/higgs-dna-new/lib/python3.11/site-packages/torch/nn/modules/__init__.py", line 1, in <module>
    from .module import Module  # usort: skip
    ^^^^^^^^^^^^^^^^^^^^^^^^^^
  File "<frozen importlib._bootstrap>", line 1176, in _find_and_load
  File "<frozen importlib._bootstrap>", line 1147, in _find_and_load_unlocked
  File "<frozen importlib._bootstrap>", line 690, in _load_unlocked
  File "<frozen importlib._bootstrap_external>", line 936, in exec_module
  File "<frozen importlib._bootstrap_external>", line 1073, in get_code
  File "<frozen importlib._bootstrap_external>", line 1131, in get_data
OSError: [Errno 5] Input/output error
