/eos/home-b/bbapi/HiggsDNA/micromamba_dir/envs/higgs-dna-new/lib/python3.11/site-packages/numba/core/cpu.py:99: UserWarning: Numba extension module 'vector' failed to load due to 'OSError([Errno 5] Input/output error)'.
  numba.core.entrypoints.init_all()
Traceback (most recent call last):
  File "/eos/home-b/bbapi/HiggsDNA/micromamba_dir/envs/higgs-dna-new/bin/run_analysis.py", line 3, in <module>
    from higgs_dna.scripts.run_analysis import main
  File "/eos/home-b/bbapi/HiggsDNA/higgs_dna/scripts/run_analysis.py", line 18, in <module>
    from higgs_dna.workflows import workflows
  File "/eos/home-b/bbapi/HiggsDNA/higgs_dna/workflows/__init__.py", line 1, in <module>
    from higgs_dna.workflows.base import HggBaseProcessor
  File "/eos/home-b/bbapi/HiggsDNA/higgs_dna/workflows/base.py", line 6, in <module>
    from higgs_dna.tools.gen_helpers import get_fiducial_flag
  File "/eos/home-b/bbapi/HiggsDNA/higgs_dna/tools/gen_helpers.py", line 3, in <module>
    from higgs_dna.selections.HHbbgg_selections import DeltaR
  File "/eos/home-b/bbapi/HiggsDNA/higgs_dna/selections/HHbbgg_selections.py", line 3, in <module>
    import vector
  File "/eos/home-b/bbapi/HiggsDNA/micromamba_dir/envs/higgs-dna-new/lib/python3.11/site-packages/vector/__init__.py", line 90, in <module>
    import sympy  # type: ignore[import-untyped]
    ^^^^^^^^^^^^
  File "/eos/home-b/bbapi/HiggsDNA/micromamba_dir/envs/higgs-dna-new/lib/python3.11/site-packages/sympy/__init__.py", line 111, in <module>
    from .series import (Order, O, limit, Limit, gruntz, series, approximants,
  File "/eos/home-b/bbapi/HiggsDNA/micromamba_dir/envs/higgs-dna-new/lib/python3.11/site-packages/sympy/series/__init__.py", line 3, in <module>
    from .order import Order
  File "<frozen importlib._bootstrap>", line 1176, in _find_and_load
  File "<frozen importlib._bootstrap>", line 1147, in _find_and_load_unlocked
  File "<frozen importlib._bootstrap>", line 690, in _load_unlocked
  File "<frozen importlib._bootstrap_external>", line 936, in exec_module
  File "<frozen importlib._bootstrap_external>", line 1073, in get_code
  File "<frozen importlib._bootstrap_external>", line 1131, in get_data
OSError: [Errno 5] Input/output error
